app/build/intermediates/manifest_merge_blame_file/debug/manifest-merger-blame-debug-report.txt
1<?xml version="1.0" encoding="utf-8"?>
2<manifest xmlns:android="http://schemas.android.com/apk/res/android"
3    package="com.mariyer.chatexample"
4    android:versionCode="1"
5    android:versionName="1.0" >
6
7    <uses-sdk
8        android:minSdkVersion="21"
8-->src\main\AndroidManifest.xml
9        android:targetSdkVersion="30" />
9-->src\main\AndroidManifest.xml
10
11    <uses-permission android:name="android.permission.READ_EXTERNAL_STORAGE" />
11-->src\main\AndroidManifest.xml:5:5-79
11-->src\main\AndroidManifest.xml:5:22-77
12    <uses-permission android:name="android.permission.INTERNET" />
12-->src\main\AndroidManifest.xml:6:5-67
12-->src\main\AndroidManifest.xml:6:22-64
13    <uses-permission android:name="android.permission.ACCESS_NETWORK_STATE" />
13-->src\main\AndroidManifest.xml:7:5-79
13-->src\main\AndroidManifest.xml:7:22-76
14    <uses-permission android:name="android.permission.WAKE_LOCK" /> <!-- Required by older versions of Google Play services to create IID tokens -->
14-->[com.google.firebase:firebase-messaging:22.0.0] AndroidManifest.xml:23:5-68
14-->[com.google.firebase:firebase-messaging:22.0.0] AndroidManifest.xml:23:22-65
15    <uses-permission android:name="com.google.android.c2dm.permission.RECEIVE" />
15-->[com.google.firebase:firebase-messaging:22.0.0] AndroidManifest.xml:25:5-82
15-->[com.google.firebase:firebase-messaging:22.0.0] AndroidManifest.xml:25:22-79
16    <uses-permission android:name="com.google.android.finsky.permission.BIND_GET_INSTALL_REFERRER_SERVICE" />
16-->[com.google.android.gms:play-services-measurement:19.0.0] AndroidManifest.xml:26:5-110
16-->[com.google.android.gms:play-services-measurement:19.0.0] AndroidManifest.xml:26:22-107
17
18    <application
18-->src\main\AndroidManifest.xml:9:5-31:19
19        android:name="com.mariyer.chatexample.ChatApp"
19-->src\main\AndroidManifest.xml:13:9-32
20        android:allowBackup="true"
20-->src\main\AndroidManifest.xml:10:9-35
21        android:appComponentFactory="androidx.core.app.CoreComponentFactory"
21-->[androidx.core:core:1.5.0] AndroidManifest.xml:24:18-86
22        android:debuggable="true"
23        android:icon="@mipmap/ic_launcher"
23-->src\main\AndroidManifest.xml:11:9-43
24        android:label="@string/app_name"
24-->src\main\AndroidManifest.xml:12:9-41
25        android:roundIcon="@mipmap/ic_launcher_round"
25-->src\main\AndroidManifest.xml:14:9-54
26        android:supportsRtl="true"
26-->src\main\AndroidManifest.xml:15:9-35
27        android:theme="@style/Theme.MariYerNotifications" >
27-->src\main\AndroidManifest.xml:16:9-58
28        <activity android:name="com.mariyer.chatexample.ui.MainActivity" >
28-->src\main\AndroidManifest.xml:17:9-23:20
28-->src\main\AndroidManifest.xml:17:19-50
29            <intent-filter>
29-->src\main\AndroidManifest.xml:18:13-22:29
30                <action android:name="android.intent.action.MAIN" />
30-->src\main\AndroidManifest.xml:19:17-69
30-->src\main\AndroidManifest.xml:19:25-66
31
32                <category android:name="android.intent.category.LAUNCHER" />
32-->src\main\AndroidManifest.xml:21:17-77
32-->src\main\AndroidManifest.xml:21:27-74
33            </intent-filter>
34        </activity>
35
36        <service
36-->src\main\AndroidManifest.xml:25:9-30:19
37            android:name="com.mariyer.chatexample.data.MessagingService"
37-->src\main\AndroidManifest.xml:25:18-55
38            android:exported="false" >
38-->src\main\AndroidManifest.xml:26:13-37
39            <intent-filter>
39-->src\main\AndroidManifest.xml:27:13-29:29
40                <action android:name="com.google.firebase.MESSAGING_EVENT" />
40-->src\main\AndroidManifest.xml:28:17-78
40-->src\main\AndroidManifest.xml:28:25-75
41            </intent-filter>
42        </service>
43        <service
43-->[com.google.firebase:firebase-analytics-ktx:19.0.0] AndroidManifest.xml:8:9-14:19
44            android:name="com.google.firebase.components.ComponentDiscoveryService"
44-->[com.google.firebase:firebase-analytics-ktx:19.0.0] AndroidManifest.xml:9:13-84
45            android:directBootAware="true"
45-->[com.google.firebase:firebase-common:20.0.0] AndroidManifest.xml:35:13-43
46            android:exported="false" >
46-->[com.google.firebase:firebase-analytics-ktx:19.0.0] AndroidManifest.xml:10:13-37
47            <meta-data
47-->[com.google.firebase:firebase-analytics-ktx:19.0.0] AndroidManifest.xml:11:13-13:85
48                android:name="com.google.firebase.components:com.google.firebase.analytics.ktx.FirebaseAnalyticsKtxRegistrar"
48-->[com.google.firebase:firebase-analytics-ktx:19.0.0] AndroidManifest.xml:12:17-126
49                android:value="com.google.firebase.components.ComponentRegistrar" />
49-->[com.google.firebase:firebase-analytics-ktx:19.0.0] AndroidManifest.xml:13:17-82
50            <meta-data
50-->[com.google.firebase:firebase-common-ktx:20.0.0] AndroidManifest.xml:15:13-17:85
51                android:name="com.google.firebase.components:com.google.firebase.ktx.FirebaseCommonKtxRegistrar"
51-->[com.google.firebase:firebase-common-ktx:20.0.0] AndroidManifest.xml:16:17-113
52                android:value="com.google.firebase.components.ComponentRegistrar" />
52-->[com.google.firebase:firebase-common-ktx:20.0.0] AndroidManifest.xml:17:17-82
53            <meta-data
53-->[com.google.firebase:firebase-messaging:22.0.0] AndroidManifest.xml:52:13-54:85
54                android:name="com.google.firebase.components:com.google.firebase.messaging.FirebaseMessagingRegistrar"
54-->[com.google.firebase:firebase-messaging:22.0.0] AndroidManifest.xml:53:17-119
55                android:value="com.google.firebase.components.ComponentRegistrar" />
55-->[com.google.firebase:firebase-messaging:22.0.0] AndroidManifest.xml:54:17-82
56            <meta-data
56-->[com.google.firebase:firebase-datatransport:18.0.0] AndroidManifest.xml:28:13-30:85
57                android:name="com.google.firebase.components:com.google.firebase.datatransport.TransportRegistrar"
57-->[com.google.firebase:firebase-datatransport:18.0.0] AndroidManifest.xml:29:17-115
58                android:value="com.google.firebase.components.ComponentRegistrar" />
58-->[com.google.firebase:firebase-datatransport:18.0.0] AndroidManifest.xml:30:17-82
59            <meta-data
59-->[com.google.android.gms:play-services-measurement-api:19.0.0] AndroidManifest.xml:30:13-32:85
60                android:name="com.google.firebase.components:com.google.firebase.analytics.connector.internal.AnalyticsConnectorRegistrar"
60-->[com.google.android.gms:play-services-measurement-api:19.0.0] AndroidManifest.xml:31:17-139
61                android:value="com.google.firebase.components.ComponentRegistrar" />
61-->[com.google.android.gms:play-services-measurement-api:19.0.0] AndroidManifest.xml:32:17-82
62            <meta-data
62-->[com.google.firebase:firebase-installations:17.0.0] AndroidManifest.xml:18:13-20:85
63                android:name="com.google.firebase.components:com.google.firebase.installations.FirebaseInstallationsRegistrar"
63-->[com.google.firebase:firebase-installations:17.0.0] AndroidManifest.xml:19:17-127
64                android:value="com.google.firebase.components.ComponentRegistrar" />
64-->[com.google.firebase:firebase-installations:17.0.0] AndroidManifest.xml:20:17-82
65        </service>
66
67        <receiver
67-->[com.google.firebase:firebase-messaging:22.0.0] AndroidManifest.xml:28:9-35:20
68            android:name="com.google.firebase.iid.FirebaseInstanceIdReceiver"
68-->[com.google.firebase:firebase-messaging:22.0.0] AndroidManifest.xml:29:13-78
69            android:exported="true"
69-->[com.google.firebase:firebase-messaging:22.0.0] AndroidManifest.xml:30:13-36
70            android:permission="com.google.android.c2dm.permission.SEND" >
70-->[com.google.firebase:firebase-messaging:22.0.0] AndroidManifest.xml:31:13-73
71            <intent-filter>
71-->[com.google.firebase:firebase-messaging:22.0.0] AndroidManifest.xml:32:13-34:29
72                <action android:name="com.google.android.c2dm.intent.RECEIVE" />
72-->[com.google.firebase:firebase-messaging:22.0.0] AndroidManifest.xml:33:17-81
72-->[com.google.firebase:firebase-messaging:22.0.0] AndroidManifest.xml:33:25-78
73            </intent-filter>
74        </receiver>
75        <!--
76             FirebaseMessagingService performs security checks at runtime,
77             but set to not exported to explicitly avoid allowing another app to call it.
78        -->
79        <service
79-->[com.google.firebase:firebase-messaging:22.0.0] AndroidManifest.xml:41:9-48:19
80            android:name="com.google.firebase.messaging.FirebaseMessagingService"
80-->[com.google.firebase:firebase-messaging:22.0.0] AndroidManifest.xml:42:13-82
81            android:directBootAware="true"
81-->[com.google.firebase:firebase-messaging:22.0.0] AndroidManifest.xml:43:13-43
82            android:exported="false" >
82-->[com.google.firebase:firebase-messaging:22.0.0] AndroidManifest.xml:44:13-37
83            <intent-filter android:priority="-500" >
83-->src\main\AndroidManifest.xml:27:13-29:29
84                <action android:name="com.google.firebase.MESSAGING_EVENT" />
84-->src\main\AndroidManifest.xml:28:17-78
84-->src\main\AndroidManifest.xml:28:25-75
85            </intent-filter>
86        </service>
87
88        <provider
88-->[com.google.firebase:firebase-common:20.0.0] AndroidManifest.xml:26:9-31:39
89            android:name="com.google.firebase.provider.FirebaseInitProvider"
89-->[com.google.firebase:firebase-common:20.0.0] AndroidManifest.xml:27:13-77
90            android:authorities="com.mariyer.chatexample.firebaseinitprovider"
90-->[com.google.firebase:firebase-common:20.0.0] AndroidManifest.xml:28:13-72
91            android:directBootAware="true"
91-->[com.google.firebase:firebase-common:20.0.0] AndroidManifest.xml:29:13-43
92            android:exported="false"
92-->[com.google.firebase:firebase-common:20.0.0] AndroidManifest.xml:30:13-37
93            android:initOrder="100" />
93-->[com.google.firebase:firebase-common:20.0.0] AndroidManifest.xml:31:13-36
94
95        <receiver
95-->[com.google.android.gms:play-services-measurement:19.0.0] AndroidManifest.xml:29:9-33:20
96            android:name="com.google.android.gms.measurement.AppMeasurementReceiver"
96-->[com.google.android.gms:play-services-measurement:19.0.0] AndroidManifest.xml:30:13-85
97            android:enabled="true"
97-->[com.google.android.gms:play-services-measurement:19.0.0] AndroidManifest.xml:31:13-35
98            android:exported="false" >
98-->[com.google.android.gms:play-services-measurement:19.0.0] AndroidManifest.xml:32:13-37
99        </receiver>
100
101        <service
101-->[com.google.android.gms:play-services-measurement:19.0.0] AndroidManifest.xml:35:9-38:40
102            android:name="com.google.android.gms.measurement.AppMeasurementService"
102-->[com.google.android.gms:play-services-measurement:19.0.0] AndroidManifest.xml:36:13-84
103            android:enabled="true"
103-->[com.google.android.gms:play-services-measurement:19.0.0] AndroidManifest.xml:37:13-35
104            android:exported="false" />
104-->[com.google.android.gms:play-services-measurement:19.0.0] AndroidManifest.xml:38:13-37
105        <service
105-->[com.google.android.gms:play-services-measurement:19.0.0] AndroidManifest.xml:39:9-43:72
106            android:name="com.google.android.gms.measurement.AppMeasurementJobService"
106-->[com.google.android.gms:play-services-measurement:19.0.0] AndroidManifest.xml:40:13-87
107            android:enabled="true"
107-->[com.google.android.gms:play-services-measurement:19.0.0] AndroidManifest.xml:41:13-35
108            android:exported="false"
108-->[com.google.android.gms:play-services-measurement:19.0.0] AndroidManifest.xml:42:13-37
109            android:permission="android.permission.BIND_JOB_SERVICE" />
109-->[com.google.android.gms:play-services-measurement:19.0.0] AndroidManifest.xml:43:13-69
110
111        <meta-data
111-->[com.google.android.gms:play-services-basement:17.0.0] AndroidManifest.xml:23:9-25:69
112            android:name="com.google.android.gms.version"
112-->[com.google.android.gms:play-services-basement:17.0.0] AndroidManifest.xml:24:13-58
113            android:value="@integer/google_play_services_version" />
113-->[com.google.android.gms:play-services-basement:17.0.0] AndroidManifest.xml:25:13-66
114
115        <provider
115-->[androidx.lifecycle:lifecycle-process:2.2.0] AndroidManifest.xml:25:9-29:43
116            android:name="androidx.lifecycle.ProcessLifecycleOwnerInitializer"
116-->[androidx.lifecycle:lifecycle-process:2.2.0] AndroidManifest.xml:26:13-79
117            android:authorities="com.mariyer.chatexample.lifecycle-process"
117-->[androidx.lifecycle:lifecycle-process:2.2.0] AndroidManifest.xml:27:13-69
118            android:exported="false"
118-->[androidx.lifecycle:lifecycle-process:2.2.0] AndroidManifest.xml:28:13-37
119            android:multiprocess="true" />
119-->[androidx.lifecycle:lifecycle-process:2.2.0] AndroidManifest.xml:29:13-40
120
121        <service
121-->[androidx.room:room-runtime:2.3.0] AndroidManifest.xml:25:9-28:40
122            android:name="androidx.room.MultiInstanceInvalidationService"
122-->[androidx.room:room-runtime:2.3.0] AndroidManifest.xml:26:13-74
123            android:directBootAware="true"
123-->[androidx.room:room-runtime:2.3.0] AndroidManifest.xml:27:13-43
124            android:exported="false" />
124-->[androidx.room:room-runtime:2.3.0] AndroidManifest.xml:28:13-37
125        <service
125-->[com.google.android.datatransport:transport-backend-cct:3.0.0] AndroidManifest.xml:29:9-35:19
126            android:name="com.google.android.datatransport.runtime.backends.TransportBackendDiscovery"
126-->[com.google.android.datatransport:transport-backend-cct:3.0.0] AndroidManifest.xml:30:13-103
127            android:exported="false" >
127-->[com.google.android.datatransport:transport-backend-cct:3.0.0] AndroidManifest.xml:31:13-37
128            <meta-data
128-->[com.google.android.datatransport:transport-backend-cct:3.0.0] AndroidManifest.xml:32:13-34:39
129                android:name="backend:com.google.android.datatransport.cct.CctBackendFactory"
129-->[com.google.android.datatransport:transport-backend-cct:3.0.0] AndroidManifest.xml:33:17-94
130                android:value="cct" />
130-->[com.google.android.datatransport:transport-backend-cct:3.0.0] AndroidManifest.xml:34:17-36
131        </service>
132        <service
132-->[com.google.android.datatransport:transport-runtime:3.0.0] AndroidManifest.xml:26:9-30:19
133            android:name="com.google.android.datatransport.runtime.scheduling.jobscheduling.JobInfoSchedulerService"
133-->[com.google.android.datatransport:transport-runtime:3.0.0] AndroidManifest.xml:27:13-117
134            android:exported="false"
134-->[com.google.android.datatransport:transport-runtime:3.0.0] AndroidManifest.xml:28:13-37
135            android:permission="android.permission.BIND_JOB_SERVICE" >
135-->[com.google.android.datatransport:transport-runtime:3.0.0] AndroidManifest.xml:29:13-69
136        </service>
137
138        <receiver
138-->[com.google.android.datatransport:transport-runtime:3.0.0] AndroidManifest.xml:32:9-34:40
139            android:name="com.google.android.datatransport.runtime.scheduling.jobscheduling.AlarmManagerSchedulerBroadcastReceiver"
139-->[com.google.android.datatransport:transport-runtime:3.0.0] AndroidManifest.xml:33:13-132
140            android:exported="false" />
140-->[com.google.android.datatransport:transport-runtime:3.0.0] AndroidManifest.xml:34:13-37
141    </application>
142
143</manifest>